Loading plugins phase: Elapsed time ==> 0s.234ms
Initializing data phase: Elapsed time ==> 0s.000ms
<CYPRESSTAG name="CyDsfit arguments...">
cydsfit arguments: -.fdsnotice -.fdswarpdepfile=warp_dependencies.txt -.fdselabdepfile=elab_dependencies.txt -.fdsbldfile=generated_files.txt -p C:\HackingChips\PSOCEve\PSOC4EVE\PSOC4_EVE.cydsn\PSOC4_EVE.cyprj -d CY8C4245AXI-483 -s C:\HackingChips\PSOCEve\PSOC4EVE\PSOC4_EVE.cydsn\Generated_Source\PSoC4 -- -yv2 -q10 -ygs -o2 -v3 -.fftcfgtype=LE</CYPRESSTAG>
<CYPRESSTAG name="Design elaboration results...">
</CYPRESSTAG>
Elaboration phase: Elapsed time ==> 2s.593ms
<CYPRESSTAG name="HDL generation results...">
</CYPRESSTAG>
HDL generation phase: Elapsed time ==> 0s.062ms
<CYPRESSTAG name="Synthesis results...">

     | | | | | | |
   _________________
  -|               |-
  -|               |-
  -|               |-
  -|    CYPRESS    |-
  -|               |-
  -|               |-   Warp Verilog Synthesis Compiler: Version 6.3 IR 41
  -|               |-   Copyright (C) 1991-2001 Cypress Semiconductor
   |_______________|
     | | | | | | |

======================================================================
Compiling:  PSOC4_EVE.v
Program  :   C:\Archivos de programa\Cypress\PSoC Creator\3.3\PSoC Creator\warp\bin/warp.exe
Options  :    -yv2 -q10 -ygs -o2 -v3 -.fftcfgtype=LE -ya -.fftprj=C:\HackingChips\PSOCEve\PSOC4EVE\PSOC4_EVE.cydsn\PSOC4_EVE.cyprj -dcpsoc3 PSOC4_EVE.v -verilog
======================================================================

======================================================================
Compiling:  PSOC4_EVE.v
Program  :   C:\Archivos de programa\Cypress\PSoC Creator\3.3\PSoC Creator\warp\bin/warp.exe
Options  :    -yv2 -q10 -ygs -o2 -v3 -.fftcfgtype=LE -ya -.fftprj=C:\HackingChips\PSOCEve\PSOC4EVE\PSOC4_EVE.cydsn\PSOC4_EVE.cyprj -dcpsoc3 PSOC4_EVE.v -verilog
======================================================================

======================================================================
Compiling:  PSOC4_EVE.v
Program  :   vlogfe
Options  :    -yv2 -q10 -ygs -o2 -v3 -.fftcfgtype=LE -ya -.fftprj=C:\HackingChips\PSOCEve\PSOC4EVE\PSOC4_EVE.cydsn\PSOC4_EVE.cyprj -dcpsoc3 -verilog PSOC4_EVE.v
======================================================================

vlogfe V6.3 IR 41:  Verilog parser
Tue Nov 03 22:11:28 2015


======================================================================
Compiling:  PSOC4_EVE.v
Program  :   vpp
Options  :    -yv2 -q10 PSOC4_EVE.v
======================================================================

vpp V6.3 IR 41:  Verilog Pre-Processor
Tue Nov 03 22:11:28 2015

Flattening file 'C:\Archivos de programa\Cypress\PSoC Creator\3.3\PSoC Creator\psoc\content\cyprimitives\CyPrimitives.cylib\ZeroTerminal\ZeroTerminal.v'
Flattening file 'C:\Archivos de programa\Cypress\PSoC Creator\3.3\PSoC Creator\psoc\content\cyprimitives\CyPrimitives.cylib\cy_virtualmux_v1_0\cy_virtualmux_v1_0.v'
Flattening file 'C:\Archivos de programa\Cypress\PSoC Creator\3.3\PSoC Creator\psoc\content\cyprimitives\CyPrimitives.cylib\or_v1_0\or_v1_0.v'
Flattening file 'C:\Archivos de programa\Cypress\PSoC Creator\3.3\PSoC Creator\psoc\content\cyprimitives\CyPrimitives.cylib\not_v1_0\not_v1_0.v'

vpp:  No errors.

Library 'work' => directory 'lcpsoc3'
General_symbol_table
General_symbol_table
Linking 'C:\Archivos de programa\Cypress\PSoC Creator\3.3\PSoC Creator\warp\lib\common\std.vhd'.
Linking 'C:\Archivos de programa\Cypress\PSoC Creator\3.3\PSoC Creator\warp\lib\common\cypress.vhd'.
Linking 'C:\Archivos de programa\Cypress\PSoC Creator\3.3\PSoC Creator\warp\lib\common\work\cypress.vif'.
Linking 'C:\Archivos de programa\Cypress\PSoC Creator\3.3\PSoC Creator\warp\lib\ieee\work\stdlogic.vif'.
Linking 'C:\Archivos de programa\Cypress\PSoC Creator\3.3\PSoC Creator\warp\lib\common\stdlogic\lpmpkg.vif'.
Linking 'C:\Archivos de programa\Cypress\PSoC Creator\3.3\PSoC Creator\warp\lib\common\stdlogic\rtlpkg.vif'.
Linking 'C:\Archivos de programa\Cypress\PSoC Creator\3.3\PSoC Creator\warp\lib\common\stdlogic\mod_cnst.vif'.
Linking 'C:\Archivos de programa\Cypress\PSoC Creator\3.3\PSoC Creator\warp\lib\common\stdlogic\mod_mthv.vif'.
Linking 'C:\Archivos de programa\Cypress\PSoC Creator\3.3\PSoC Creator\warp\lib\common\stdlogic\mod_genv.vif'.
Using control file 'PSOC4_EVE.ctl'.

vlogfe:  No errors.


======================================================================
Compiling:  PSOC4_EVE.v
Program  :   tovif
Options  :    -yv2 -q10 -ygs -o2 -v3 -.fftcfgtype=LE -ya -.fftprj=C:\HackingChips\PSOCEve\PSOC4EVE\PSOC4_EVE.cydsn\PSOC4_EVE.cyprj -dcpsoc3 -verilog PSOC4_EVE.v
======================================================================

tovif V6.3 IR 41:  High-level synthesis
Tue Nov 03 22:11:28 2015

Linking 'C:\Archivos de programa\Cypress\PSoC Creator\3.3\PSoC Creator\warp\lib\common\std.vhd'.
Linking 'C:\Archivos de programa\Cypress\PSoC Creator\3.3\PSoC Creator\warp\lib\common\cypress.vhd'.
Linking 'C:\Archivos de programa\Cypress\PSoC Creator\3.3\PSoC Creator\warp\lib\common\work\cypress.vif'.
Linking 'C:\Archivos de programa\Cypress\PSoC Creator\3.3\PSoC Creator\warp\lib\ieee\work\stdlogic.vif'.
Linking 'C:\Archivos de programa\Cypress\PSoC Creator\3.3\PSoC Creator\warp\lib\common\stdlogic\lpmpkg.vif'.
Linking 'C:\Archivos de programa\Cypress\PSoC Creator\3.3\PSoC Creator\warp\lib\common\stdlogic\rtlpkg.vif'.
Linking 'C:\Archivos de programa\Cypress\PSoC Creator\3.3\PSoC Creator\warp\lib\common\stdlogic\mod_cnst.vif'.
Linking 'C:\Archivos de programa\Cypress\PSoC Creator\3.3\PSoC Creator\warp\lib\common\stdlogic\mod_mthv.vif'.
Linking 'C:\Archivos de programa\Cypress\PSoC Creator\3.3\PSoC Creator\warp\lib\common\stdlogic\mod_genv.vif'.
Linking 'C:\HackingChips\PSOCEve\PSOC4EVE\PSOC4_EVE.cydsn\codegentemp\PSOC4_EVE.ctl'.
Linking 'C:\Archivos de programa\Cypress\PSoC Creator\3.3\PSoC Creator\psoc\content\cyprimitives\CyPrimitives.cylib\ZeroTerminal\ZeroTerminal.v'.
Linking 'C:\HackingChips\PSOCEve\PSOC4EVE\PSOC4_EVE.cydsn\codegentemp\PSOC4_EVE.v'.
Linking 'C:\Archivos de programa\Cypress\PSoC Creator\3.3\PSoC Creator\psoc\content\cyprimitives\CyPrimitives.cylib\cy_virtualmux_v1_0\cy_virtualmux_v1_0.v'.
Linking 'C:\Archivos de programa\Cypress\PSoC Creator\3.3\PSoC Creator\psoc\content\cyprimitives\CyPrimitives.cylib\or_v1_0\or_v1_0.v'.
Linking 'C:\Archivos de programa\Cypress\PSoC Creator\3.3\PSoC Creator\psoc\content\cyprimitives\CyPrimitives.cylib\not_v1_0\not_v1_0.v'.

tovif:  No errors.


======================================================================
Compiling:  PSOC4_EVE.v
Program  :   topld
Options  :    -yv2 -q10 -ygs -o2 -v3 -.fftcfgtype=LE -ya -.fftprj=C:\HackingChips\PSOCEve\PSOC4EVE\PSOC4_EVE.cydsn\PSOC4_EVE.cyprj -dcpsoc3 -verilog PSOC4_EVE.v
======================================================================

topld V6.3 IR 41:  Synthesis and optimization
Tue Nov 03 22:11:28 2015

Linking 'C:\Archivos de programa\Cypress\PSoC Creator\3.3\PSoC Creator\warp\lib\common\std.vhd'.
Linking 'C:\Archivos de programa\Cypress\PSoC Creator\3.3\PSoC Creator\warp\lib\common\cypress.vhd'.
Linking 'C:\Archivos de programa\Cypress\PSoC Creator\3.3\PSoC Creator\warp\lib\common\work\cypress.vif'.
Linking 'C:\Archivos de programa\Cypress\PSoC Creator\3.3\PSoC Creator\warp\lib\ieee\work\stdlogic.vif'.
Linking 'C:\Archivos de programa\Cypress\PSoC Creator\3.3\PSoC Creator\warp\lib\common\stdlogic\lpmpkg.vif'.
Linking 'C:\Archivos de programa\Cypress\PSoC Creator\3.3\PSoC Creator\warp\lib\common\stdlogic\rtlpkg.vif'.
Linking 'C:\Archivos de programa\Cypress\PSoC Creator\3.3\PSoC Creator\warp\lib\common\stdlogic\mod_cnst.vif'.
Linking 'C:\Archivos de programa\Cypress\PSoC Creator\3.3\PSoC Creator\warp\lib\common\stdlogic\mod_mthv.vif'.
Linking 'C:\Archivos de programa\Cypress\PSoC Creator\3.3\PSoC Creator\warp\lib\common\stdlogic\mod_genv.vif'.
Linking 'C:\HackingChips\PSOCEve\PSOC4EVE\PSOC4_EVE.cydsn\codegentemp\PSOC4_EVE.ctl'.
Linking 'C:\Archivos de programa\Cypress\PSoC Creator\3.3\PSoC Creator\psoc\content\cyprimitives\CyPrimitives.cylib\ZeroTerminal\ZeroTerminal.v'.
Linking 'C:\HackingChips\PSOCEve\PSOC4EVE\PSOC4_EVE.cydsn\codegentemp\PSOC4_EVE.v'.
Linking 'C:\Archivos de programa\Cypress\PSoC Creator\3.3\PSoC Creator\psoc\content\cyprimitives\CyPrimitives.cylib\cy_virtualmux_v1_0\cy_virtualmux_v1_0.v'.
Linking 'C:\Archivos de programa\Cypress\PSoC Creator\3.3\PSoC Creator\psoc\content\cyprimitives\CyPrimitives.cylib\or_v1_0\or_v1_0.v'.
Linking 'C:\Archivos de programa\Cypress\PSoC Creator\3.3\PSoC Creator\psoc\content\cyprimitives\CyPrimitives.cylib\not_v1_0\not_v1_0.v'.
Linking 'C:\Archivos de programa\Cypress\PSoC Creator\3.3\PSoC Creator\warp\lib\lcpsoc3\stdlogic\cpsoc3.vif'.

----------------------------------------------------------
Detecting unused logic.
----------------------------------------------------------
    User names
	\SPI_EVE:Net_245\
	\SPI_EVE:Net_682\
	\SPI_EVE:uncfg_rx_irq\
	\SPI_EVE:Net_754\
	\SPI_EVE:Net_767\
	\SPI_EVE:Net_547\
	\SPI_EVE:Net_891\
	\SPI_EVE:Net_474\
	\SPI_EVE:Net_899\
	\UART:Net_452\
	\UART:Net_682\
	\UART:uncfg_rx_irq\
	\UART:Net_754\
	\UART:Net_767\
	\UART:Net_547\
	\UART:Net_891\
	\UART:Net_474\
	\UART:Net_899\


Deleted 18 User equations/components.
Deleted 0 Synthesized equations/components.

------------------------------------------------------
Alias Detection
------------------------------------------------------
Aliasing \SPI_EVE:Net_452\ to \SPI_EVE:Net_459\
Aliasing \SPI_EVE:Net_676\ to \SPI_EVE:Net_459\
Aliasing \SPI_EVE:Net_416\ to \SPI_EVE:Net_459\
Aliasing zero to \SPI_EVE:Net_459\
Aliasing one to \SPI_EVE:tmpOE__sclk_m_net_0\
Aliasing \SPI_EVE:tmpOE__miso_m_net_0\ to \SPI_EVE:tmpOE__sclk_m_net_0\
Aliasing \SPI_EVE:tmpOE__mosi_m_net_0\ to \SPI_EVE:tmpOE__sclk_m_net_0\
Aliasing \SPI_EVE:tmpOE__ss0_m_net_0\ to \SPI_EVE:tmpOE__sclk_m_net_0\
Aliasing \SPI_EVE:Net_747\ to \SPI_EVE:Net_459\
Aliasing \UART:Net_459\ to \SPI_EVE:Net_459\
Aliasing \UART:Net_676\ to \SPI_EVE:Net_459\
Aliasing \UART:Net_245\ to \SPI_EVE:Net_459\
Aliasing \UART:Net_416\ to \SPI_EVE:Net_459\
Aliasing \UART:tmpOE__tx_net_0\ to \SPI_EVE:tmpOE__sclk_m_net_0\
Aliasing \UART:tmpOE__rx_net_0\ to \SPI_EVE:tmpOE__sclk_m_net_0\
Aliasing \UART:Net_747\ to \SPI_EVE:Net_459\
Aliasing tmpOE__SPI_EVE_SS_net_0 to \SPI_EVE:tmpOE__sclk_m_net_0\
Aliasing tmpOE__EVE_INT_net_0 to \SPI_EVE:tmpOE__sclk_m_net_0\
Aliasing tmpOE__PD_N_net_0 to \SPI_EVE:tmpOE__sclk_m_net_0\
Removing Lhs of wire \SPI_EVE:Net_652\[3] = \SPI_EVE:Net_459\[2]
Removing Lhs of wire \SPI_EVE:Net_452\[4] = \SPI_EVE:Net_459\[2]
Removing Lhs of wire \SPI_EVE:Net_676\[5] = \SPI_EVE:Net_459\[2]
Removing Lhs of wire \SPI_EVE:Net_416\[7] = \SPI_EVE:Net_459\[2]
Removing Lhs of wire \SPI_EVE:Net_654\[8] = \SPI_EVE:Net_459\[2]
Removing Lhs of wire \SPI_EVE:SCBclock\[11] = \SPI_EVE:Net_847\[1]
Removing Lhs of wire \SPI_EVE:Net_653\[12] = \SPI_EVE:Net_459\[2]
Removing Lhs of wire \SPI_EVE:Net_909\[13] = \SPI_EVE:Net_459\[2]
Removing Rhs of wire \SPI_EVE:Net_663\[14] = \SPI_EVE:Net_467\[15]
Removing Rhs of wire zero[24] = \SPI_EVE:Net_459\[2]
Removing Rhs of wire one[25] = \SPI_EVE:tmpOE__sclk_m_net_0\[19]
Removing Lhs of wire \SPI_EVE:tmpOE__miso_m_net_0\[28] = one[25]
Removing Lhs of wire \SPI_EVE:tmpOE__mosi_m_net_0\[33] = one[25]
Removing Lhs of wire \SPI_EVE:tmpOE__ss0_m_net_0\[40] = one[25]
Removing Lhs of wire \SPI_EVE:Net_739\[46] = zero[24]
Removing Lhs of wire \SPI_EVE:Net_747\[47] = zero[24]
Removing Lhs of wire \UART:Net_459\[71] = zero[24]
Removing Lhs of wire \UART:Net_652\[72] = zero[24]
Removing Lhs of wire \UART:Net_676\[74] = zero[24]
Removing Lhs of wire \UART:Net_245\[75] = zero[24]
Removing Lhs of wire \UART:Net_416\[76] = zero[24]
Removing Rhs of wire \UART:Net_654\[77] = \UART:Net_379\[78]
Removing Lhs of wire \UART:SCBclock\[81] = \UART:Net_847\[70]
Removing Lhs of wire \UART:Net_653\[82] = zero[24]
Removing Lhs of wire \UART:Net_909\[83] = zero[24]
Removing Lhs of wire \UART:Net_663\[84] = zero[24]
Removing Lhs of wire \UART:tmpOE__tx_net_0\[86] = one[25]
Removing Lhs of wire \UART:tmpOE__rx_net_0\[95] = one[25]
Removing Lhs of wire \UART:Net_739\[99] = zero[24]
Removing Lhs of wire \UART:Net_747\[100] = zero[24]
Removing Lhs of wire tmpOE__SPI_EVE_SS_net_0[125] = one[25]
Removing Lhs of wire tmpOE__EVE_INT_net_0[131] = one[25]
Removing Lhs of wire tmpOE__PD_N_net_0[137] = one[25]

------------------------------------------------------
Aliased 0 equations, 33 wires.
------------------------------------------------------

----------------------------------------------------------
Circuit simplification
----------------------------------------------------------

Substituting virtuals - pass 1:


----------------------------------------------------------
Circuit simplification results:

	Expanded 0 signals.
	Turned 0 signals into soft nodes.
	Maximum default expansion cost was set at 3.
----------------------------------------------------------

topld:  No errors.

CYPRESS_DIR    : C:\Archivos de programa\Cypress\PSoC Creator\3.3\PSoC Creator\warp
Warp Program   : C:\Archivos de programa\Cypress\PSoC Creator\3.3\PSoC Creator\warp\bin/warp.exe
Warp Arguments : -yv2 -q10 -ygs -o2 -v3 -.fftcfgtype=LE -ya -.fftprj=C:\HackingChips\PSOCEve\PSOC4EVE\PSOC4_EVE.cydsn\PSOC4_EVE.cyprj -dcpsoc3 PSOC4_EVE.v -verilog
</CYPRESSTAG>
Warp synthesis phase: Elapsed time ==> 0s.671ms
<CYPRESSTAG name="Fitter results...">
<CYPRESSTAG name="Fitter startup details...">
cyp3fit: V3.3.0.410, Family: PSoC3, Started at: Tuesday, 03 November 2015 22:11:28
Options: -yv2 -q10 -ygs -o2 -v3 -.fftcfgtype=LE -ya -.fftprj=C:\HackingChips\PSOCEve\PSOC4EVE\PSOC4_EVE.cydsn\PSOC4_EVE.cyprj -d CY8C4245AXI-483 PSOC4_EVE.v -verilog
</CYPRESSTAG>
<CYPRESSTAG name="Design parsing">
Design parsing phase: Elapsed time ==> 0s.000ms
</CYPRESSTAG>
<CYPRESSTAG name="Tech mapping">
<CYPRESSTAG name="Initial Mapping" icon="FILE_RPT_TECHM">
<CYPRESSTAG name="Global Clock Selection" icon="FILE_RPT_TECHM">
    Fixed Function Clock 2: Automatic-assigning  clock 'SPI_EVE_SCBCLK'. Signal=\SPI_EVE:Net_847_ff2\
    Fixed Function Clock 3: Automatic-assigning  clock 'UART_SCBCLK'. Signal=\UART:Net_847_ff3\
<CYPRESSTAG name="UDB Clock/Enable Remapping Results">
</CYPRESSTAG>
</CYPRESSTAG>
ADD: pft.M0040: information: The following 4 pin(s) will be assigned a location by the fitter: \SPI_EVE:miso_m(0)\, \SPI_EVE:mosi_m(0)\, \SPI_EVE:sclk_m(0)\, \SPI_EVE:ss0_m(0)\


Removing unused cells resulting from optimization
Done removing unused cells.
<CYPRESSTAG name="Duplicate Macrocell detection">
</CYPRESSTAG>
</CYPRESSTAG>
<CYPRESSTAG name="Duplicate Macrocell detection">
</CYPRESSTAG>
<CYPRESSTAG name="Design Equations" icon="FILE_RPT_EQUATION">

------------------------------------------------------------
Design Equations
------------------------------------------------------------
    <CYPRESSTAG name="Pin listing">

    ------------------------------------------------------------
    Pin listing
    ------------------------------------------------------------

    Pin : Name = \SPI_EVE:sclk_m(0)\
        Attributes:
            In Group/Port: True
            In Sync Option: NOSYNC
            Out Sync Option: NOSYNC
            Interrupt generated: False
            Interrupt mode: NONE
            Drive mode: CMOS_OUT
            VTrip: CMOS
            Slew: FAST
            Input Sync needed: False
            Output Sync needed: False
            SC shield enabled: False
            POR State: ANY
            LCD Mode: COMMON
            Register Mode: RegComb
            CaSense Mode: NEITHER
            Treat as pin: True
            Is OE Registered: False
            Uses Analog: False
            Can contain Digital: True
            Is SIO: False
            SIO Output Buf: NONREGULATED
            SIO Input Buf: SINGLE_ENDED
            SIO HiFreq: LOW
            SIO Hyst: DISABLED
            SIO Vtrip: MULTIPLIER_0_5
            SIO Multiplier Index: 0
            SIO RefSel: VCC_IO
            Required Capabilitites: DIGITAL
            Initial Value: 1
            IO Voltage: 0
        PORT MAP (
            pa_out => \SPI_EVE:sclk_m(0)\__PA ,
            input => \SPI_EVE:Net_687\ ,
            pad => \SPI_EVE:sclk_m(0)_PAD\ );

    Pin : Name = \SPI_EVE:miso_m(0)\
        Attributes:
            In Group/Port: True
            In Sync Option: NOSYNC
            Out Sync Option: AUTO
            Interrupt generated: False
            Interrupt mode: NONE
            Drive mode: HI_Z_DIGITAL
            VTrip: CMOS
            Slew: FAST
            Input Sync needed: False
            Output Sync needed: False
            SC shield enabled: False
            POR State: ANY
            LCD Mode: COMMON
            Register Mode: RegComb
            CaSense Mode: NEITHER
            Treat as pin: True
            Is OE Registered: False
            Uses Analog: False
            Can contain Digital: True
            Is SIO: False
            SIO Output Buf: NONREGULATED
            SIO Input Buf: SINGLE_ENDED
            SIO HiFreq: LOW
            SIO Hyst: DISABLED
            SIO Vtrip: MULTIPLIER_0_5
            SIO Multiplier Index: 0
            SIO RefSel: VCC_IO
            Required Capabilitites: DIGITAL
            Initial Value: 0
            IO Voltage: 0
        PORT MAP (
            pa_out => \SPI_EVE:miso_m(0)\__PA ,
            fb => \SPI_EVE:Net_663\ ,
            pad => \SPI_EVE:miso_m(0)_PAD\ );

    Pin : Name = \SPI_EVE:mosi_m(0)\
        Attributes:
            In Group/Port: True
            In Sync Option: NOSYNC
            Out Sync Option: NOSYNC
            Interrupt generated: False
            Interrupt mode: NONE
            Drive mode: CMOS_OUT
            VTrip: CMOS
            Slew: FAST
            Input Sync needed: False
            Output Sync needed: False
            SC shield enabled: False
            POR State: ANY
            LCD Mode: COMMON
            Register Mode: RegComb
            CaSense Mode: NEITHER
            Treat as pin: True
            Is OE Registered: False
            Uses Analog: False
            Can contain Digital: True
            Is SIO: False
            SIO Output Buf: NONREGULATED
            SIO Input Buf: SINGLE_ENDED
            SIO HiFreq: LOW
            SIO Hyst: DISABLED
            SIO Vtrip: MULTIPLIER_0_5
            SIO Multiplier Index: 0
            SIO RefSel: VCC_IO
            Required Capabilitites: DIGITAL
            Initial Value: 1
            IO Voltage: 0
        PORT MAP (
            pa_out => \SPI_EVE:mosi_m(0)\__PA ,
            input => \SPI_EVE:Net_660\ ,
            pad => \SPI_EVE:mosi_m(0)_PAD\ );

    Pin : Name = \SPI_EVE:ss0_m(0)\
        Attributes:
            In Group/Port: True
            In Sync Option: NOSYNC
            Out Sync Option: NOSYNC
            Interrupt generated: False
            Interrupt mode: NONE
            Drive mode: CMOS_OUT
            VTrip: CMOS
            Slew: FAST
            Input Sync needed: False
            Output Sync needed: False
            SC shield enabled: False
            POR State: ANY
            LCD Mode: COMMON
            Register Mode: RegComb
            CaSense Mode: NEITHER
            Treat as pin: True
            Is OE Registered: False
            Uses Analog: False
            Can contain Digital: True
            Is SIO: False
            SIO Output Buf: NONREGULATED
            SIO Input Buf: SINGLE_ENDED
            SIO HiFreq: LOW
            SIO Hyst: DISABLED
            SIO Vtrip: MULTIPLIER_0_5
            SIO Multiplier Index: 0
            SIO RefSel: VCC_IO
            Required Capabilitites: DIGITAL
            Initial Value: 1
            IO Voltage: 0
        PORT MAP (
            pa_out => \SPI_EVE:ss0_m(0)\__PA ,
            input => \SPI_EVE:ss_0\ ,
            pad => \SPI_EVE:ss0_m(0)_PAD\ );

    Pin : Name = \UART:tx(0)\
        Attributes:
            In Group/Port: True
            In Sync Option: NOSYNC
            Out Sync Option: NOSYNC
            Interrupt generated: False
            Interrupt mode: NONE
            Drive mode: CMOS_OUT
            VTrip: CMOS
            Slew: FAST
            Input Sync needed: False
            Output Sync needed: False
            SC shield enabled: False
            POR State: ANY
            LCD Mode: COMMON
            Register Mode: RegComb
            CaSense Mode: NEITHER
            Treat as pin: True
            Is OE Registered: False
            Uses Analog: False
            Can contain Digital: True
            Is SIO: False
            SIO Output Buf: NONREGULATED
            SIO Input Buf: SINGLE_ENDED
            SIO HiFreq: LOW
            SIO Hyst: DISABLED
            SIO Vtrip: MULTIPLIER_0_5
            SIO Multiplier Index: 0
            SIO RefSel: VCC_IO
            Required Capabilitites: DIGITAL
            Initial Value: 1
            IO Voltage: 0
        PORT MAP (
            pa_out => \UART:tx(0)\__PA ,
            input => \UART:Net_656\ ,
            pad => \UART:tx(0)_PAD\ );
        Properties:
        {
        }

    Pin : Name = \UART:rx(0)\
        Attributes:
            In Group/Port: True
            In Sync Option: NOSYNC
            Out Sync Option: AUTO
            Interrupt generated: False
            Interrupt mode: NONE
            Drive mode: HI_Z_DIGITAL
            VTrip: CMOS
            Slew: FAST
            Input Sync needed: False
            Output Sync needed: False
            SC shield enabled: False
            POR State: ANY
            LCD Mode: COMMON
            Register Mode: RegComb
            CaSense Mode: NEITHER
            Treat as pin: True
            Is OE Registered: False
            Uses Analog: False
            Can contain Digital: True
            Is SIO: False
            SIO Output Buf: NONREGULATED
            SIO Input Buf: SINGLE_ENDED
            SIO HiFreq: LOW
            SIO Hyst: DISABLED
            SIO Vtrip: MULTIPLIER_0_5
            SIO Multiplier Index: 0
            SIO RefSel: VCC_IO
            Required Capabilitites: DIGITAL
            Initial Value: 0
            IO Voltage: 0
        PORT MAP (
            pa_out => \UART:rx(0)\__PA ,
            fb => \UART:Net_654\ ,
            pad => \UART:rx(0)_PAD\ );
        Properties:
        {
        }

    Pin : Name = SPI_EVE_SS(0)
        Attributes:
            In Group/Port: True
            In Sync Option: AUTO
            Out Sync Option: NOSYNC
            Interrupt generated: False
            Interrupt mode: NONE
            Drive mode: CMOS_OUT
            VTrip: EITHER
            Slew: FAST
            Input Sync needed: False
            Output Sync needed: False
            SC shield enabled: False
            POR State: ANY
            LCD Mode: COMMON
            Register Mode: RegComb
            CaSense Mode: NEITHER
            Treat as pin: True
            Is OE Registered: False
            Uses Analog: False
            Can contain Digital: True
            Is SIO: False
            SIO Output Buf: NONREGULATED
            SIO Input Buf: SINGLE_ENDED
            SIO HiFreq: LOW
            SIO Hyst: DISABLED
            SIO Vtrip: MULTIPLIER_0_5
            SIO Multiplier Index: 0
            SIO RefSel: VCC_IO
            Required Capabilitites: DIGITAL
            Initial Value: 0
            IO Voltage: 0
        PORT MAP (
            pa_out => SPI_EVE_SS(0)__PA ,
            pad => SPI_EVE_SS(0)_PAD );
        Properties:
        {
        }

    Pin : Name = EVE_INT(0)
        Attributes:
            In Group/Port: True
            In Sync Option: SYNC
            Out Sync Option: AUTO
            Interrupt generated: False
            Interrupt mode: NONE
            Drive mode: RES_PULL_UP
            VTrip: CMOS
            Slew: FAST
            Input Sync needed: True
            Output Sync needed: False
            SC shield enabled: False
            POR State: ANY
            LCD Mode: COMMON
            Register Mode: RegComb
            CaSense Mode: NEITHER
            Treat as pin: True
            Is OE Registered: False
            Uses Analog: False
            Can contain Digital: True
            Is SIO: False
            SIO Output Buf: NONREGULATED
            SIO Input Buf: SINGLE_ENDED
            SIO HiFreq: LOW
            SIO Hyst: DISABLED
            SIO Vtrip: MULTIPLIER_0_5
            SIO Multiplier Index: 0
            SIO RefSel: VCC_IO
            Required Capabilitites: DIGITAL, ROUTABLE
            Initial Value: 1
            IO Voltage: 0
        PORT MAP (
            pa_out => EVE_INT(0)__PA ,
            fb => Net_15 ,
            pad => EVE_INT(0)_PAD );
        Properties:
        {
        }

    Pin : Name = PD_N(0)
        Attributes:
            In Group/Port: True
            In Sync Option: AUTO
            Out Sync Option: NOSYNC
            Interrupt generated: False
            Interrupt mode: NONE
            Drive mode: CMOS_OUT
            VTrip: EITHER
            Slew: FAST
            Input Sync needed: False
            Output Sync needed: False
            SC shield enabled: False
            POR State: ANY
            LCD Mode: COMMON
            Register Mode: RegComb
            CaSense Mode: NEITHER
            Treat as pin: True
            Is OE Registered: False
            Uses Analog: False
            Can contain Digital: True
            Is SIO: False
            SIO Output Buf: NONREGULATED
            SIO Input Buf: SINGLE_ENDED
            SIO HiFreq: LOW
            SIO Hyst: DISABLED
            SIO Vtrip: MULTIPLIER_0_5
            SIO Multiplier Index: 0
            SIO RefSel: VCC_IO
            Required Capabilitites: DIGITAL
            Initial Value: 0
            IO Voltage: 0
        PORT MAP (
            pa_out => PD_N(0)__PA ,
            pad => PD_N(0)_PAD );
        Properties:
        {
        }
    </CYPRESSTAG>
    <CYPRESSTAG name="Macrocell listing" icon="FILE_RPT_EQUATION">

    ------------------------------------------------------------
    Macrocell listing
    ------------------------------------------------------------

    MacroCell: Name=Net_17, Mode=(Combinatorial)
        Total # of inputs        : 1
        Total # of product terms : 1
            Clock Enable: True
        Main Equation            : 1 pterm
        (
              !Net_15
        );
        Output = Net_17 (fanout=1)
    </CYPRESSTAG>
    <CYPRESSTAG name="Datapath listing">
    </CYPRESSTAG>
    <CYPRESSTAG name="Status register listing">
    </CYPRESSTAG>
    <CYPRESSTAG name="StatusI register listing">
    </CYPRESSTAG>
    <CYPRESSTAG name="Sync listing">
    </CYPRESSTAG>
    <CYPRESSTAG name="Control register listing">
    </CYPRESSTAG>
    <CYPRESSTAG name="Count7 listing">
    </CYPRESSTAG>
    <CYPRESSTAG name="DRQ listing">
    </CYPRESSTAG>
    <CYPRESSTAG name="Interrupt listing">

    ------------------------------------------------------------
    Interrupt listing
    ------------------------------------------------------------

    interrupt: Name =Eve_ISR
        PORT MAP (
            interrupt => Net_17 );
        Properties:
        {
            int_type = "00"
        }
    </CYPRESSTAG>
</CYPRESSTAG>
<CYPRESSTAG name="Technology mapping summary" expanded>

------------------------------------------------------------
Technology mapping summary
------------------------------------------------------------

Resource Type                 : Used : Free :  Max :  % Used
============================================================
Digital Clocks                :    0 :    4 :    4 :  0.00 %
Interrupts                    :    1 :   31 :   32 :  3.13 %
IO                            :   11 :   25 :   36 : 30.56 %
Segment LCD                   :    0 :    1 :    1 :  0.00 %
CapSense                      :    0 :    1 :    1 :  0.00 %
Die Temp                      :    0 :    1 :    1 :  0.00 %
Serial Communication (SCB)    :    2 :    0 :    2 : 100.00 %
Timer/Counter/PWM             :    0 :    4 :    4 :  0.00 %
UDB                           :      :      :      :        
  Macrocells                  :    1 :   31 :   32 :  3.13 %
  Unique P-terms              :    1 :   63 :   64 :  1.56 %
  Total P-terms               :    1 :      :      :        
  Datapath Cells              :    0 :    4 :    4 :  0.00 %
  Status Cells                :    0 :    4 :    4 :  0.00 %
  Control Cells               :    0 :    4 :    4 :  0.00 %
Comparator/Opamp              :    0 :    2 :    2 :  0.00 %
LP Comparator                 :    0 :    2 :    2 :  0.00 %
SAR ADC                       :    0 :    1 :    1 :  0.00 %
DAC                           :      :      :      :        
  7-bit IDAC                  :    0 :    1 :    1 :  0.00 %
  8-bit IDAC                  :    0 :    1 :    1 :  0.00 %
</CYPRESSTAG>
Technology Mapping: Elapsed time ==> 0s.000ms
Tech mapping phase: Elapsed time ==> 0s.046ms
</CYPRESSTAG>
<CYPRESSTAG name="Analog Placement">
<CYPRESSTAG name="Analog Placement">
Elapsed time ==> 0.1479629s
</CYPRESSTAG>
Analog Placement phase: Elapsed time ==> 0s.390ms
</CYPRESSTAG>
<CYPRESSTAG name="Analog Routing">
<CYPRESSTAG name="Analog Routing">
Route success=True, Iterations=1 Elapsed=0.0013074 secs
</CYPRESSTAG>
Analog Routing phase: Elapsed time ==> 0s.000ms
</CYPRESSTAG>
<CYPRESSTAG name="Analog Code Generation">
============ Analog Final Answer Routes ============
Dump of CyAnalogRoutingResultsDB
Map of net to items {
}
Map of item to net {
}
Mux Info {
}
Analog Code Generation phase: Elapsed time ==> 0s.015ms
</CYPRESSTAG>
<CYPRESSTAG name="Digital Placement">
<CYPRESSTAG name="Detailed placement messages">
I2659: No Constrained paths were found. The placer will run in non-timing driven mode.
I2076: Total run-time: 0.3 sec.

</CYPRESSTAG>
<CYPRESSTAG name="PLD Packing">
<CYPRESSTAG name="PLD Packing Summary" expanded>

------------------------------------------------------------
PLD Packing Summary
------------------------------------------------------------
            Resource Type : Used : Free :  Max :  % Used
    ====================================================
                     PLDs :    1 :    7 :    8 :  12.50%

<CYPRESSTAG name="PLD Statistics">

        PLD Resource Type :     Average/LAB
    =======================================
                   Inputs :            1.00
                   Pterms :            1.00
               Macrocells :            1.00
</CYPRESSTAG>
<CYPRESSTAG name="Packed PLD Contents">
Packed PLD Contents not displayed at this verbose level.</CYPRESSTAG>
</CYPRESSTAG>
PLD Packing: Elapsed time ==> 0s.000ms
</CYPRESSTAG>
<CYPRESSTAG name="Partitioning">
<CYPRESSTAG name="Initial Partitioning Summary">
Initial Partitioning Summary not displayed at this verbose level.</CYPRESSTAG>
<CYPRESSTAG name="Final Partitioning Summary">
Final Partitioning Summary not displayed at this verbose level.</CYPRESSTAG>
Partitioning: Elapsed time ==> 0s.015ms
</CYPRESSTAG>
<CYPRESSTAG name="Simulated Annealing">
Annealing: Elapsed time ==> 0s.000ms
<CYPRESSTAG name="Simulated Annealing Results">
The seed used for moves was 114161200.
Inital cost was 52, final cost is 52 (0.00% improvement).</CYPRESSTAG>
</CYPRESSTAG>
<CYPRESSTAG name="Final Placement Summary">

------------------------------------------------------------
Final Placement Summary
------------------------------------------------------------

       Resource Type :      Count : Avg Inputs : Avg Outputs
    ========================================================
                 UDB :          1 :       1.00 :       1.00
<CYPRESSTAG name="Final Placement Details">
<CYPRESSTAG name="Component Details">

------------------------------------------------------------
Component Placement Details
------------------------------------------------------------
UDB [UDB=(0,0)] is empty.
UDB [UDB=(0,1)] is empty.
UDB [UDB=(1,0)] is empty.
UDB [UDB=(1,1)] contents:
LAB@[UDB=(1,1)][LB=0] #macrocells=1, #inputs=1, #pterms=1
{
    [McSlotId=0]:     MacroCell: Name=Net_17, Mode=(Combinatorial) @ [UDB=(1,1)][LB=0][MC=0]
        Total # of inputs        : 1
        Total # of product terms : 1
            Clock Enable: True
        Main Equation            : 1 pterm
        (
              !Net_15
        );
        Output = Net_17 (fanout=1)
        Properties               : 
        {
        }

    [McSlotId=1]: (empty)
    [McSlotId=2]: (empty)
    [McSlotId=3]: (empty)
}

Intr container @ [IntrContainer=(0)]: 
  Intr@ [IntrContainer=(0)][IntrId=(0)] 
    interrupt: Name =Eve_ISR
        PORT MAP (
            interrupt => Net_17 );
        Properties:
        {
            int_type = "00"
        }
Port 0 contains the following IO cells:
[IoId=0]: 
Pin : Name = SPI_EVE_SS(0)
    Attributes:
        In Group/Port: True
        In Sync Option: AUTO
        Out Sync Option: NOSYNC
        Interrupt generated: False
        Interrupt mode: NONE
        Drive mode: CMOS_OUT
        VTrip: EITHER
        Slew: FAST
        Input Sync needed: False
        Output Sync needed: False
        SC shield enabled: False
        POR State: ANY
        LCD Mode: COMMON
        Register Mode: RegComb
        CaSense Mode: NEITHER
        Treat as pin: True
        Is OE Registered: False
        Uses Analog: False
        Can contain Digital: True
        Is SIO: False
        SIO Output Buf: NONREGULATED
        SIO Input Buf: SINGLE_ENDED
        SIO HiFreq: LOW
        SIO Hyst: DISABLED
        SIO Vtrip: MULTIPLIER_0_5
        SIO Multiplier Index: 0
        SIO RefSel: VCC_IO
        Required Capabilitites: DIGITAL
        Initial Value: 0
        IO Voltage: 0
    PORT MAP (
        pa_out => SPI_EVE_SS(0)__PA ,
        pad => SPI_EVE_SS(0)_PAD );
    Properties:
    {
    }

[IoId=1]: 
Pin : Name = EVE_INT(0)
    Attributes:
        In Group/Port: True
        In Sync Option: SYNC
        Out Sync Option: AUTO
        Interrupt generated: False
        Interrupt mode: NONE
        Drive mode: RES_PULL_UP
        VTrip: CMOS
        Slew: FAST
        Input Sync needed: True
        Output Sync needed: False
        SC shield enabled: False
        POR State: ANY
        LCD Mode: COMMON
        Register Mode: RegComb
        CaSense Mode: NEITHER
        Treat as pin: True
        Is OE Registered: False
        Uses Analog: False
        Can contain Digital: True
        Is SIO: False
        SIO Output Buf: NONREGULATED
        SIO Input Buf: SINGLE_ENDED
        SIO HiFreq: LOW
        SIO Hyst: DISABLED
        SIO Vtrip: MULTIPLIER_0_5
        SIO Multiplier Index: 0
        SIO RefSel: VCC_IO
        Required Capabilitites: DIGITAL, ROUTABLE
        Initial Value: 1
        IO Voltage: 0
    PORT MAP (
        pa_out => EVE_INT(0)__PA ,
        fb => Net_15 ,
        pad => EVE_INT(0)_PAD );
    Properties:
    {
    }

[IoId=4]: 
Pin : Name = \SPI_EVE:mosi_m(0)\
    Attributes:
        In Group/Port: True
        In Sync Option: NOSYNC
        Out Sync Option: NOSYNC
        Interrupt generated: False
        Interrupt mode: NONE
        Drive mode: CMOS_OUT
        VTrip: CMOS
        Slew: FAST
        Input Sync needed: False
        Output Sync needed: False
        SC shield enabled: False
        POR State: ANY
        LCD Mode: COMMON
        Register Mode: RegComb
        CaSense Mode: NEITHER
        Treat as pin: True
        Is OE Registered: False
        Uses Analog: False
        Can contain Digital: True
        Is SIO: False
        SIO Output Buf: NONREGULATED
        SIO Input Buf: SINGLE_ENDED
        SIO HiFreq: LOW
        SIO Hyst: DISABLED
        SIO Vtrip: MULTIPLIER_0_5
        SIO Multiplier Index: 0
        SIO RefSel: VCC_IO
        Required Capabilitites: DIGITAL
        Initial Value: 1
        IO Voltage: 0
    PORT MAP (
        pa_out => \SPI_EVE:mosi_m(0)\__PA ,
        input => \SPI_EVE:Net_660\ ,
        pad => \SPI_EVE:mosi_m(0)_PAD\ );
    Properties:
    {
    }

[IoId=5]: 
Pin : Name = \SPI_EVE:miso_m(0)\
    Attributes:
        In Group/Port: True
        In Sync Option: NOSYNC
        Out Sync Option: AUTO
        Interrupt generated: False
        Interrupt mode: NONE
        Drive mode: HI_Z_DIGITAL
        VTrip: CMOS
        Slew: FAST
        Input Sync needed: False
        Output Sync needed: False
        SC shield enabled: False
        POR State: ANY
        LCD Mode: COMMON
        Register Mode: RegComb
        CaSense Mode: NEITHER
        Treat as pin: True
        Is OE Registered: False
        Uses Analog: False
        Can contain Digital: True
        Is SIO: False
        SIO Output Buf: NONREGULATED
        SIO Input Buf: SINGLE_ENDED
        SIO HiFreq: LOW
        SIO Hyst: DISABLED
        SIO Vtrip: MULTIPLIER_0_5
        SIO Multiplier Index: 0
        SIO RefSel: VCC_IO
        Required Capabilitites: DIGITAL
        Initial Value: 0
        IO Voltage: 0
    PORT MAP (
        pa_out => \SPI_EVE:miso_m(0)\__PA ,
        fb => \SPI_EVE:Net_663\ ,
        pad => \SPI_EVE:miso_m(0)_PAD\ );
    Properties:
    {
    }

[IoId=6]: 
Pin : Name = \SPI_EVE:sclk_m(0)\
    Attributes:
        In Group/Port: True
        In Sync Option: NOSYNC
        Out Sync Option: NOSYNC
        Interrupt generated: False
        Interrupt mode: NONE
        Drive mode: CMOS_OUT
        VTrip: CMOS
        Slew: FAST
        Input Sync needed: False
        Output Sync needed: False
        SC shield enabled: False
        POR State: ANY
        LCD Mode: COMMON
        Register Mode: RegComb
        CaSense Mode: NEITHER
        Treat as pin: True
        Is OE Registered: False
        Uses Analog: False
        Can contain Digital: True
        Is SIO: False
        SIO Output Buf: NONREGULATED
        SIO Input Buf: SINGLE_ENDED
        SIO HiFreq: LOW
        SIO Hyst: DISABLED
        SIO Vtrip: MULTIPLIER_0_5
        SIO Multiplier Index: 0
        SIO RefSel: VCC_IO
        Required Capabilitites: DIGITAL
        Initial Value: 1
        IO Voltage: 0
    PORT MAP (
        pa_out => \SPI_EVE:sclk_m(0)\__PA ,
        input => \SPI_EVE:Net_687\ ,
        pad => \SPI_EVE:sclk_m(0)_PAD\ );
    Properties:
    {
    }

[IoId=7]: 
Pin : Name = \SPI_EVE:ss0_m(0)\
    Attributes:
        In Group/Port: True
        In Sync Option: NOSYNC
        Out Sync Option: NOSYNC
        Interrupt generated: False
        Interrupt mode: NONE
        Drive mode: CMOS_OUT
        VTrip: CMOS
        Slew: FAST
        Input Sync needed: False
        Output Sync needed: False
        SC shield enabled: False
        POR State: ANY
        LCD Mode: COMMON
        Register Mode: RegComb
        CaSense Mode: NEITHER
        Treat as pin: True
        Is OE Registered: False
        Uses Analog: False
        Can contain Digital: True
        Is SIO: False
        SIO Output Buf: NONREGULATED
        SIO Input Buf: SINGLE_ENDED
        SIO HiFreq: LOW
        SIO Hyst: DISABLED
        SIO Vtrip: MULTIPLIER_0_5
        SIO Multiplier Index: 0
        SIO RefSel: VCC_IO
        Required Capabilitites: DIGITAL
        Initial Value: 1
        IO Voltage: 0
    PORT MAP (
        pa_out => \SPI_EVE:ss0_m(0)\__PA ,
        input => \SPI_EVE:ss_0\ ,
        pad => \SPI_EVE:ss0_m(0)_PAD\ );
    Properties:
    {
    }

Port 1 contains the following IO cells:
[IoId=0]: 
Pin : Name = PD_N(0)
    Attributes:
        In Group/Port: True
        In Sync Option: AUTO
        Out Sync Option: NOSYNC
        Interrupt generated: False
        Interrupt mode: NONE
        Drive mode: CMOS_OUT
        VTrip: EITHER
        Slew: FAST
        Input Sync needed: False
        Output Sync needed: False
        SC shield enabled: False
        POR State: ANY
        LCD Mode: COMMON
        Register Mode: RegComb
        CaSense Mode: NEITHER
        Treat as pin: True
        Is OE Registered: False
        Uses Analog: False
        Can contain Digital: True
        Is SIO: False
        SIO Output Buf: NONREGULATED
        SIO Input Buf: SINGLE_ENDED
        SIO HiFreq: LOW
        SIO Hyst: DISABLED
        SIO Vtrip: MULTIPLIER_0_5
        SIO Multiplier Index: 0
        SIO RefSel: VCC_IO
        Required Capabilitites: DIGITAL
        Initial Value: 0
        IO Voltage: 0
    PORT MAP (
        pa_out => PD_N(0)__PA ,
        pad => PD_N(0)_PAD );
    Properties:
    {
    }

Port 2 is empty
Port 3 is empty
Port 4 contains the following IO cells:
[IoId=0]: 
Pin : Name = \UART:rx(0)\
    Attributes:
        In Group/Port: True
        In Sync Option: NOSYNC
        Out Sync Option: AUTO
        Interrupt generated: False
        Interrupt mode: NONE
        Drive mode: HI_Z_DIGITAL
        VTrip: CMOS
        Slew: FAST
        Input Sync needed: False
        Output Sync needed: False
        SC shield enabled: False
        POR State: ANY
        LCD Mode: COMMON
        Register Mode: RegComb
        CaSense Mode: NEITHER
        Treat as pin: True
        Is OE Registered: False
        Uses Analog: False
        Can contain Digital: True
        Is SIO: False
        SIO Output Buf: NONREGULATED
        SIO Input Buf: SINGLE_ENDED
        SIO HiFreq: LOW
        SIO Hyst: DISABLED
        SIO Vtrip: MULTIPLIER_0_5
        SIO Multiplier Index: 0
        SIO RefSel: VCC_IO
        Required Capabilitites: DIGITAL
        Initial Value: 0
        IO Voltage: 0
    PORT MAP (
        pa_out => \UART:rx(0)\__PA ,
        fb => \UART:Net_654\ ,
        pad => \UART:rx(0)_PAD\ );
    Properties:
    {
    }

[IoId=1]: 
Pin : Name = \UART:tx(0)\
    Attributes:
        In Group/Port: True
        In Sync Option: NOSYNC
        Out Sync Option: NOSYNC
        Interrupt generated: False
        Interrupt mode: NONE
        Drive mode: CMOS_OUT
        VTrip: CMOS
        Slew: FAST
        Input Sync needed: False
        Output Sync needed: False
        SC shield enabled: False
        POR State: ANY
        LCD Mode: COMMON
        Register Mode: RegComb
        CaSense Mode: NEITHER
        Treat as pin: True
        Is OE Registered: False
        Uses Analog: False
        Can contain Digital: True
        Is SIO: False
        SIO Output Buf: NONREGULATED
        SIO Input Buf: SINGLE_ENDED
        SIO HiFreq: LOW
        SIO Hyst: DISABLED
        SIO Vtrip: MULTIPLIER_0_5
        SIO Multiplier Index: 0
        SIO RefSel: VCC_IO
        Required Capabilitites: DIGITAL
        Initial Value: 1
        IO Voltage: 0
    PORT MAP (
        pa_out => \UART:tx(0)\__PA ,
        input => \UART:Net_656\ ,
        pad => \UART:tx(0)_PAD\ );
    Properties:
    {
    }

Clock group 0: 
    M0S8 Clock Block @ F(Clock,0): 
    m0s8clockblockcell: Name =ClockBlock
        PORT MAP (
            hfclk => ClockBlock_HFCLK ,
            imo => ClockBlock_IMO ,
            ext => ClockBlock_EXTCLK ,
            sysclk => ClockBlock_SYSCLK ,
            ilo => ClockBlock_ILO ,
            lfclk => ClockBlock_LFCLK ,
            dsi_in_0 => ClockBlock_Routed1 ,
            ff_div_2 => \SPI_EVE:Net_847_ff2\ ,
            ff_div_3 => \UART:Net_847_ff3\ );
        Properties:
        {
        }
PM group 0: empty
SPC group 0: empty
WDT group 0: empty
FSS group 0: empty
LP Comparator group 0: empty
Serial Communication (SCB) group 0: 
    SCB Block @ F(SCB,0): 
    m0s8scbcell: Name =\UART:SCB\
        PORT MAP (
            clock => \UART:Net_847_ff3\ ,
            interrupt => Net_7 ,
            rx => \UART:Net_654\ ,
            tx => \UART:Net_656\ ,
            rts => \UART:Net_751\ ,
            mosi_m => \UART:Net_660\ ,
            select_m_3 => \UART:ss_3\ ,
            select_m_2 => \UART:ss_2\ ,
            select_m_1 => \UART:ss_1\ ,
            select_m_0 => \UART:ss_0\ ,
            sclk_m => \UART:Net_687\ ,
            miso_s => \UART:Net_703\ ,
            tx_req => \UART:Net_823\ ,
            rx_req => \UART:Net_824\ );
        Properties:
        {
            cy_registers = ""
            scb_mode = 2
        }
    SCB Block @ F(SCB,1): 
    m0s8scbcell: Name =\SPI_EVE:SCB\
        PORT MAP (
            clock => \SPI_EVE:Net_847_ff2\ ,
            interrupt => Net_9 ,
            tx => \SPI_EVE:Net_656\ ,
            rts => \SPI_EVE:Net_751\ ,
            mosi_m => \SPI_EVE:Net_660\ ,
            miso_m => \SPI_EVE:Net_663\ ,
            select_m_3 => \SPI_EVE:ss_3\ ,
            select_m_2 => \SPI_EVE:ss_2\ ,
            select_m_1 => \SPI_EVE:ss_1\ ,
            select_m_0 => \SPI_EVE:ss_0\ ,
            sclk_m => \SPI_EVE:Net_687\ ,
            miso_s => \SPI_EVE:Net_703\ ,
            tx_req => \SPI_EVE:Net_823\ ,
            rx_req => \SPI_EVE:Net_824\ );
        Properties:
        {
            cy_registers = ""
            scb_mode = 1
        }
CapSense group 0: empty
8-bit IDAC group 0: empty
7-bit IDAC group 0: empty
Timer/Counter/PWM group 0: empty
Comparator/Opamp group 0: empty
Die Temp group 0: empty
SAR ADC group 0: empty
Segment LCD group 0: empty
CLK_GEN group 0: 
    M0S8 Clock Gen Block @ F(CLK_GEN,0): 
    m0s8clockgenblockcell: Name =ClockGenBlock
        PORT MAP (
             );
        Properties:
        {
        }
LPCOMPBLOCK group 0: empty
PASSBLOCK group 0: empty
ANAPUMP group 0: empty
</CYPRESSTAG>
<CYPRESSTAG name="Port Configuration Details">

------------------------------------------------------------
Port Configuration report
------------------------------------------------------------
     |     |       | Interrupt |                  |                     | 
Port | Pin | Fixed |      Type |       Drive Mode |                Name | Connections
-----+-----+-------+-----------+------------------+---------------------+----------------------
   0 |   0 |     * |      NONE |         CMOS_OUT |       SPI_EVE_SS(0) | 
     |   1 |     * |      NONE |      RES_PULL_UP |          EVE_INT(0) | FB(Net_15)
     |   4 |       |      NONE |         CMOS_OUT | \SPI_EVE:mosi_m(0)\ | In(\SPI_EVE:Net_660\)
     |   5 |       |      NONE |     HI_Z_DIGITAL | \SPI_EVE:miso_m(0)\ | FB(\SPI_EVE:Net_663\)
     |   6 |       |      NONE |         CMOS_OUT | \SPI_EVE:sclk_m(0)\ | In(\SPI_EVE:Net_687\)
     |   7 |       |      NONE |         CMOS_OUT |  \SPI_EVE:ss0_m(0)\ | In(\SPI_EVE:ss_0\)
-----+-----+-------+-----------+------------------+---------------------+----------------------
   1 |   0 |     * |      NONE |         CMOS_OUT |             PD_N(0) | 
-----+-----+-------+-----------+------------------+---------------------+----------------------
   4 |   0 |     * |      NONE |     HI_Z_DIGITAL |        \UART:rx(0)\ | FB(\UART:Net_654\)
     |   1 |     * |      NONE |         CMOS_OUT |        \UART:tx(0)\ | In(\UART:Net_656\)
-----------------------------------------------------------------------------------------------
</CYPRESSTAG>
</CYPRESSTAG>
</CYPRESSTAG>
Digital component placer commit/Report: Elapsed time ==> 0s.000ms
Digital Placement phase: Elapsed time ==> 0s.578ms
</CYPRESSTAG>
<CYPRESSTAG name="Digital Routing">
Routing successful.
Digital Routing phase: Elapsed time ==> 0s.656ms
</CYPRESSTAG>
<CYPRESSTAG name="Bitstream and API generation">
Bitstream and API generation phase: Elapsed time ==> 0s.234ms
</CYPRESSTAG>
<CYPRESSTAG name="Bitstream verification">
Bitstream verification phase: Elapsed time ==> 0s.031ms
</CYPRESSTAG>
<CYPRESSTAG name="Static timing analysis">
Timing report is in PSOC4_EVE_timing.html.
Static timing analysis phase: Elapsed time ==> 0s.265ms
</CYPRESSTAG>
<CYPRESSTAG name="Data reporting">
Data reporting phase: Elapsed time ==> 0s.000ms
</CYPRESSTAG>
<CYPRESSTAG name="Database update...">
Design database save phase: Elapsed time ==> 0s.234ms
</CYPRESSTAG>
cydsfit: Elapsed time ==> 2s.484ms
</CYPRESSTAG>
Fitter phase: Elapsed time ==> 2s.546ms
API generation phase: Elapsed time ==> 1s.500ms
Dependency generation phase: Elapsed time ==> 0s.015ms
Cleanup phase: Elapsed time ==> 0s.015ms
